<?xml version="1.0" encoding="UTF-8"?>
<!-- Generated by org.testng.reporters.JUnitReportReporter -->
<testsuite skipped="0" hostname="DESKTOP-4EF0LKK" name="TestCase.TrelloTest" tests="1" failures="0" timestamp="2022-02-14T22:58:07 CLST" time="1.854" errors="0">
  <testcase name="accederLoginFallido" time="1.854" classname="TestCase.TrelloTest"/>
  <system-out/>
</testsuite> <!-- TestCase.TrelloTest -->
